============================= test session starts =============================

[PERF] Using PostgreSQL: postgresql://unoc:unocpw@localhost:5432/unocdb
[PERF] Re-initialized backend.db engine: Engine(postgresql+psycopg://unoc:***@localhost:5432/unocdb)
collected 344 items / 8 deselected / 336 selected

backend\tests\test_allowed_media_infra_links.py ..                       [  0%]
backend\tests\test_async_writes_basic.py .                               [  0%]
backend\tests\test_backbone_single_guard.py ...                          [  1%]
backend\tests\test_batch_operations_integration.py .F                    [  2%]
backend\tests\test_catalog_effective_params.py ....                      [  3%]
backend\tests\test_catalog_loader_api.py ..                              [  4%]
backend\tests\test_causal_chain_core_down.py F                           [  4%]
backend\tests\test_causal_chain_e2e_fixed.py F                           [  4%]
backend\tests\test_congestion.py ..                                      [  5%]
backend\tests\test_core_site_container.py ..                             [  5%]
backend\tests\test_cross_vrf_reuse_provisioning.py .                     [  6%]
backend\tests\test_debug_full_snapshot.py .....                          [  7%]
backend\tests\test_dependency_resolver_cache.py .                        [  8%]
backend\tests\test_device_catalog_integration.py .                       [  8%]
backend\tests\test_device_crud.py .                                      [  8%]
backend\tests\test_devices_branches.py ..                                [  9%]
backend\tests\test_devices_branches_more.py ...                          [ 10%]
backend\tests\test_devices_include_interfaces.py .                       [ 10%]
backend\tests\test_devices_list_and_flags.py ..                          [ 11%]
backend\tests\test_dirty_set_minimal.py .                                [ 11%]
backend\tests\test_error_handlers.py 
